1606775425197	geckodriver	INFO	Listening on 127.0.0.1:46819
1606775425201	mozrunner::runner	INFO	Running command: "/usr/bin/firefox" "--marionette" "-foreground" "-no-remote" "-profile" "/tmp/rust_mozprofile5hMDtl"
console.warn: SearchSettings: "get: No settings file exists, new profile?" (new Error("", "(unknown module)"))
1606775429062	Marionette	INFO	Listening on port 38191
1606775429129	Marionette	WARN	TLS certificate errors will be ignored for this session
JavaScript warning: https://web.whatsapp.com/app.79cf3884c4bdafb8f9ef.js, line 1: unreachable code after return statement
JavaScript warning: https://web.whatsapp.com/app.79cf3884c4bdafb8f9ef.js, line 1: unreachable code after return statement
1606775434067	Marionette	INFO	Stopped listening on port 38191
1606775441351	geckodriver	INFO	Listening on 127.0.0.1:34647
1606775441355	mozrunner::runner	INFO	Running command: "/usr/bin/firefox" "--marionette" "-foreground" "-no-remote" "-profile" "/tmp/rust_mozprofileyBH1s7"
console.warn: SearchSettings: "get: No settings file exists, new profile?" (new Error("", "(unknown module)"))
1606775443308	Marionette	INFO	Listening on port 46599
1606775443378	Marionette	WARN	TLS certificate errors will be ignored for this session
JavaScript warning: https://web.whatsapp.com/app.79cf3884c4bdafb8f9ef.js, line 1: unreachable code after return statement
JavaScript warning: https://web.whatsapp.com/app.79cf3884c4bdafb8f9ef.js, line 1: unreachable code after return statement
1606775454661	Marionette	INFO	Stopped listening on port 46599
1606775710256	geckodriver	INFO	Listening on 127.0.0.1:45097
1606775710260	mozrunner::runner	INFO	Running command: "/usr/bin/firefox" "--marionette" "-foreground" "-no-remote" "-profile" "/tmp/rust_mozprofilec8K8C7"
console.warn: SearchSettings: "get: No settings file exists, new profile?" (new Error("", "(unknown module)"))
1606775712152	Marionette	INFO	Listening on port 40119
1606775712610	Marionette	WARN	TLS certificate errors will be ignored for this session
1606775739731	Marionette	INFO	Stopped listening on port 40119
1606775987949	geckodriver	INFO	Listening on 127.0.0.1:40519
1606775987954	mozrunner::runner	INFO	Running command: "/usr/bin/firefox" "--marionette" "-foreground" "-no-remote" "-profile" "/tmp/rust_mozprofileUlne51"
console.warn: SearchSettings: "get: No settings file exists, new profile?" (new Error("", "(unknown module)"))
1606775990134	Marionette	INFO	Listening on port 34267
1606775990226	Marionette	WARN	TLS certificate errors will be ignored for this session
JavaScript warning: https://web.whatsapp.com/app.79cf3884c4bdafb8f9ef.js, line 1: unreachable code after return statement
JavaScript warning: https://web.whatsapp.com/app.79cf3884c4bdafb8f9ef.js, line 1: unreachable code after return statement
Handler function threw an exception: [Exception... "Component returned failure code: 0x80040111 (NS_ERROR_NOT_AVAILABLE) [nsIHttpChannelInternal.remoteAddress]"  nsresult: "0x80040111 (NS_ERROR_NOT_AVAILABLE)"  location: "JS frame :: resource://devtools/server/actors/network-monitor/network-observer.js :: _onResponseHeader :: line 1162"  data: no]
Stack: _onResponseHeader@resource://devtools/server/actors/network-monitor/network-observer.js:1162:5
_dispatchActivity@resource://devtools/server/actors/network-monitor/network-observer.js:629:14
NetworkObserver.prototype.observeActivity<@resource://devtools/server/actors/network-monitor/network-observer.js:738:12
exports.makeInfallible/<@resource://devtools/shared/ThreadSafeDevToolsUtils.js:103:22
Line: 1162, column: 0
console.error: ({})
Handler function threw an exception: TypeError: undefined has no properties
Stack: _getWaitTiming@resource://devtools/server/actors/network-monitor/network-observer.js:1261:1
_setupHarTimings@resource://devtools/server/actors/network-monitor/network-observer.js:1486:28
_onTransactionClose@resource://devtools/server/actors/network-monitor/network-observer.js:1209:27
_dispatchActivity@resource://devtools/server/actors/network-monitor/network-observer.js:632:14
NetworkObserver.prototype.observeActivity<@resource://devtools/server/actors/network-monitor/network-observer.js:738:12
exports.makeInfallible/<@resource://devtools/shared/ThreadSafeDevToolsUtils.js:103:22
Line: 1261, column: 1
console.error: (new TypeError("undefined has no properties", "resource://devtools/server/actors/network-monitor/network-observer.js", 1261))
JavaScript warning: resource://devtools/client/shared/demangle.js, line 0: Successfully compiled asm.js code (total compilation time 59ms)

(firefox:42330): GLib-GObject-CRITICAL **: 04:27:02.398: g_type_add_interface_static: assertion 'g_type_parent (interface_type) == G_TYPE_INTERFACE' failed

(firefox:42330): GLib-GObject-CRITICAL **: 04:27:02.398: g_type_add_interface_static: assertion 'g_type_parent (interface_type) == G_TYPE_INTERFACE' failed

(firefox:42330): GLib-GObject-WARNING **: 04:27:02.398: ../glib/gobject/gsignal.c:3595: signal name 'load_complete' is invalid for instance '0x7f97ac4d7bf0' of type 'MaiAtkType139'

(firefox:42330): GLib-GObject-WARNING **: 04:27:02.398: ../glib/gobject/gsignal.c:3595: signal name 'load_complete' is invalid for instance '0x7f97ac4d7110' of type 'MaiAtkType139'

(firefox:42330): GLib-GObject-CRITICAL **: 04:27:02.403: g_type_add_interface_static: assertion 'g_type_parent (interface_type) == G_TYPE_INTERFACE' failed

(firefox:42330): GLib-GObject-CRITICAL **: 04:27:02.403: g_type_add_interface_static: assertion 'g_type_parent (interface_type) == G_TYPE_INTERFACE' failed

(firefox:42330): GLib-GObject-CRITICAL **: 04:27:02.403: g_type_add_interface_static: assertion 'g_type_parent (interface_type) == G_TYPE_INTERFACE' failed

(firefox:42330): GLib-GObject-WARNING **: 04:27:02.403: ../glib/gobject/gsignal.c:3595: signal name 'load_complete' is invalid for instance '0x7f97c0f7c530' of type 'MaiAtkType139'

(firefox:42330): GLib-GObject-CRITICAL **: 04:27:02.468: g_type_add_interface_static: assertion 'g_type_parent (interface_type) == G_TYPE_INTERFACE' failed

(firefox:42330): GLib-GObject-CRITICAL **: 04:27:02.468: g_type_add_interface_static: assertion 'g_type_parent (interface_type) == G_TYPE_INTERFACE' failed

(firefox:42330): GLib-GObject-CRITICAL **: 04:27:02.568: g_type_add_interface_static: assertion 'g_type_parent (interface_type) == G_TYPE_INTERFACE' failed

(firefox:42330): GLib-GObject-CRITICAL **: 04:27:04.237: g_type_add_interface_static: assertion 'g_type_parent (interface_type) == G_TYPE_INTERFACE' failed

(firefox:42330): GLib-GObject-CRITICAL **: 04:27:13.878: g_type_add_interface_static: assertion 'g_type_parent (interface_type) == G_TYPE_INTERFACE' failed

(firefox:42330): GLib-GObject-CRITICAL **: 04:27:19.919: g_type_add_interface_static: assertion 'g_type_parent (interface_type) == G_TYPE_INTERFACE' failed

(firefox:42330): GLib-GObject-WARNING **: 04:27:31.877: ../glib/gobject/gsignal.c:3595: signal name 'load_complete' is invalid for instance '0x7f97a96a65f0' of type 'MaiAtkType21'
1606777969715	geckodriver	INFO	Listening on 127.0.0.1:43961
1606777969720	mozrunner::runner	INFO	Running command: "/usr/bin/firefox" "--marionette" "-foreground" "-no-remote" "-profile" "/tmp/rust_mozprofile2dcNTq"
console.warn: SearchSettings: "get: No settings file exists, new profile?" (new Error("", "(unknown module)"))
1606777971554	Marionette	INFO	Listening on port 36537
1606777971674	Marionette	WARN	TLS certificate errors will be ignored for this session
JavaScript warning: https://web.whatsapp.com/app.79cf3884c4bdafb8f9ef.js, line 1: unreachable code after return statement
JavaScript warning: https://web.whatsapp.com/app.79cf3884c4bdafb8f9ef.js, line 1: unreachable code after return statement
Exiting due to channel error.
Exiting due to channel error.
Exiting due to channel error.
1606778104911	Marionette	INFO	Stopped listening on port 34267
1606779352296	geckodriver	INFO	Listening on 127.0.0.1:41885
1606779352301	mozrunner::runner	INFO	Running command: "/usr/bin/firefox" "--marionette" "-foreground" "-no-remote" "-profile" "/tmp/rust_mozprofileG36jlP"
console.warn: SearchSettings: "get: No settings file exists, new profile?" (new Error("", "(unknown module)"))
1606779355746	Marionette	INFO	Listening on port 35545
1606779355827	Marionette	WARN	TLS certificate errors will be ignored for this session
JavaScript warning: https://web.whatsapp.com/app.79cf3884c4bdafb8f9ef.js, line 1: unreachable code after return statement
JavaScript warning: https://web.whatsapp.com/app.79cf3884c4bdafb8f9ef.js, line 1: unreachable code after return statement
1606779370272	Marionette	WARN	TimedPromise timed out after 500 ms: stacktrace:
TimedPromise/<@chrome://marionette/content/sync.js:228:19
TimedPromise@chrome://marionette/content/sync.js:213:10
interaction.flushEventLoop@chrome://marionette/content/interaction.js:418:10
webdriverClickElement@chrome://marionette/content/interaction.js:179:31
1606779416149	Marionette	INFO	Stopped listening on port 35545
1606779464468	geckodriver	INFO	Listening on 127.0.0.1:45607
1606779464473	mozrunner::runner	INFO	Running command: "/usr/bin/firefox" "--marionette" "-foreground" "-no-remote" "-profile" "/tmp/rust_mozprofileJ7AZyY"
console.warn: SearchSettings: "get: No settings file exists, new profile?" (new Error("", "(unknown module)"))
1606779466674	Marionette	INFO	Listening on port 45641
1606779466709	Marionette	WARN	TLS certificate errors will be ignored for this session
JavaScript warning: https://web.whatsapp.com/app.79cf3884c4bdafb8f9ef.js, line 1: unreachable code after return statement
JavaScript warning: https://web.whatsapp.com/app.79cf3884c4bdafb8f9ef.js, line 1: unreachable code after return statement
1606779481120	Marionette	WARN	TimedPromise timed out after 500 ms: stacktrace:
TimedPromise/<@chrome://marionette/content/sync.js:228:19
TimedPromise@chrome://marionette/content/sync.js:213:10
interaction.flushEventLoop@chrome://marionette/content/interaction.js:418:10
webdriverClickElement@chrome://marionette/content/interaction.js:179:31
1606779494264	Marionette	INFO	Stopped listening on port 45641
1606779795720	geckodriver	INFO	Listening on 127.0.0.1:40881
1606779795724	mozrunner::runner	INFO	Running command: "/usr/bin/firefox" "--marionette" "-foreground" "-no-remote" "-profile" "/tmp/rust_mozprofileJU5idh"
console.warn: SearchSettings: "get: No settings file exists, new profile?" (new Error("", "(unknown module)"))
1606779797873	Marionette	INFO	Listening on port 38203
1606779797975	Marionette	WARN	TLS certificate errors will be ignored for this session
JavaScript warning: https://web.whatsapp.com/app.79cf3884c4bdafb8f9ef.js, line 1: unreachable code after return statement
JavaScript warning: https://web.whatsapp.com/app.79cf3884c4bdafb8f9ef.js, line 1: unreachable code after return statement
1606779814914	Marionette	WARN	TimedPromise timed out after 500 ms: stacktrace:
TimedPromise/<@chrome://marionette/content/sync.js:228:19
TimedPromise@chrome://marionette/content/sync.js:213:10
interaction.flushEventLoop@chrome://marionette/content/interaction.js:418:10
webdriverClickElement@chrome://marionette/content/interaction.js:179:31
1606779899801	geckodriver	INFO	Listening on 127.0.0.1:41697
1606779899815	mozrunner::runner	INFO	Running command: "/usr/bin/firefox" "--marionette" "-foreground" "-no-remote" "-profile" "/tmp/rust_mozprofileZl5zwL"
console.warn: SearchSettings: "get: No settings file exists, new profile?" (new Error("", "(unknown module)"))
1606779901962	Marionette	INFO	Listening on port 44873
1606779902052	Marionette	WARN	TLS certificate errors will be ignored for this session
JavaScript warning: https://web.whatsapp.com/app.79cf3884c4bdafb8f9ef.js, line 1: unreachable code after return statement
JavaScript warning: https://web.whatsapp.com/app.79cf3884c4bdafb8f9ef.js, line 1: unreachable code after return statement
1606780096455	geckodriver	INFO	Listening on 127.0.0.1:53867
1606780096460	mozrunner::runner	INFO	Running command: "/usr/bin/firefox" "--marionette" "-foreground" "-no-remote" "-profile" "/tmp/rust_mozprofileUbqzTG"
console.warn: SearchSettings: "get: No settings file exists, new profile?" (new Error("", "(unknown module)"))
1606780098579	Marionette	INFO	Listening on port 36305
1606780098688	Marionette	WARN	TLS certificate errors will be ignored for this session
JavaScript warning: https://web.whatsapp.com/app.79cf3884c4bdafb8f9ef.js, line 1: unreachable code after return statement
JavaScript warning: https://web.whatsapp.com/app.79cf3884c4bdafb8f9ef.js, line 1: unreachable code after return statement

###!!! [Parent][MessageChannel] Error: (msgtype=0x6A0008,name=PMessagePort::Msg___delete__) Channel closing: too late to send/recv, messages will be lost


###!!! [Parent][RunMessage] Error: Channel closing: too late to send/recv, messages will be lost


###!!! [Parent][RunMessage] Error: Channel closing: too late to send/recv, messages will be lost


###!!! [Parent][RunMessage] Error: Channel closing: too late to send/recv, messages will be lost


###!!! [Parent][RunMessage] Error: Channel closing: too late to send/recv, messages will be lost

1606780426834	geckodriver	INFO	Listening on 127.0.0.1:37827
1606780426948	mozrunner::runner	INFO	Running command: "/usr/bin/firefox" "--marionette" "-foreground" "-no-remote" "-profile" "/tmp/rust_mozprofileQPlQQq"
console.warn: SearchSettings: "get: No settings file exists, new profile?" (new Error("", "(unknown module)"))
1606780429010	Marionette	INFO	Listening on port 42835
1606780429077	Marionette	WARN	TLS certificate errors will be ignored for this session
JavaScript warning: https://web.whatsapp.com/app.79cf3884c4bdafb8f9ef.js, line 1: unreachable code after return statement
JavaScript warning: https://web.whatsapp.com/app.79cf3884c4bdafb8f9ef.js, line 1: unreachable code after return statement
1606780491032	Marionette	INFO	Stopped listening on port 42835
1606780551642	Marionette	INFO	Stopped listening on port 44873
1606780683333	geckodriver	INFO	Listening on 127.0.0.1:57479
1606780683766	mozrunner::runner	INFO	Running command: "/usr/bin/firefox" "--marionette" "-foreground" "-no-remote" "-profile" "/tmp/rust_mozprofile2n6uAb"
console.warn: SearchSettings: "get: No settings file exists, new profile?" (new Error("", "(unknown module)"))
1606780688348	Marionette	INFO	Listening on port 36381
1606780688400	Marionette	WARN	TLS certificate errors will be ignored for this session
JavaScript warning: https://web.whatsapp.com/app.79cf3884c4bdafb8f9ef.js, line 1: unreachable code after return statement
JavaScript warning: https://web.whatsapp.com/app.79cf3884c4bdafb8f9ef.js, line 1: unreachable code after return statement
Exiting due to channel error.
[GFX1-]: Receive IPC close with reason=AbnormalShutdown
Exiting due to channel error.
Exiting due to channel error.
1606780977211	Marionette	INFO	Stopped listening on port 36305
IPDL protocol error: Handler returned error code!

###!!! [Parent][DispatchAsyncMessage] Error: PLayerTransaction::Msg_ReleaseLayer Processing error: message was deserialized, but the handler returned false (indicating failure)

IPDL protocol error: Handler returned error code!

###!!! [Parent][DispatchAsyncMessage] Error: PLayerTransaction::Msg_ReleaseLayer Processing error: message was deserialized, but the handler returned false (indicating failure)

1606781843542	Marionette	INFO	Stopped listening on port 38203
